<?xml version="1.0" encoding="UTF-8"?>
<testsuite name="com.app.server.service.aaaboundedcontext.authentication.LoginTestCase" tests="7" skipped="0" failures="0" errors="0" timestamp="2016-04-13T10:40:51" hostname="1671c6e898ab" time="0.301">
  <properties/>
  <testcase name="test1Save" classname="com.app.server.service.aaaboundedcontext.authentication.LoginTestCase" time="0.168"/>
  <testcase name="test2Update" classname="com.app.server.service.aaaboundedcontext.authentication.LoginTestCase" time="0.03"/>
  <testcase name="test3FindById" classname="com.app.server.service.aaaboundedcontext.authentication.LoginTestCase" time="0.007"/>
  <testcase name="test5NegativeTesting" classname="com.app.server.service.aaaboundedcontext.authentication.LoginTestCase" time="0.013"/>
  <testcase name="test6Delete" classname="com.app.server.service.aaaboundedcontext.authentication.LoginTestCase" time="0.069"/>
  <testcase name="testNQFindMappedUser" classname="com.app.server.service.aaaboundedcontext.authentication.LoginTestCase" time="0.008"/>
  <testcase name="testNQFindUnMappedUser" classname="com.app.server.service.aaaboundedcontext.authentication.LoginTestCase" time="0.004"/>
  <system-out><![CDATA[[EL Fine]: sql: 2016-04-13 10:40:51.507--ClientSession(387811969)--Connection(230606299)--Thread(Thread[Test worker,5,main])--INSERT INTO ast_UserAccessDomain_M (userAccessDomainId, domainDescription, domainHelp, domainIcon, domainName, userAccessDomain, versionId, createdBy, createdDate, updatedBy, updatedDate, activeStatus, txnAccessCode) VALUES (?, ?, ?, ?, ?, ?, ?, ?, ?, ?, ?, ?, ?)
	bind => [6324EA61-1C8B-4FF2-811C-6AEE20909141, CmvUuCfKujyFbCuDVdtDlstDUguidWGXYyI2Hyt7vL2zc55Qnx, ugq4UKcbpAva0ygdp9VT1nDfodHoyCmsRKRqhQpGRSzdpC6rZq, 7S7z3F10rMSZBK8Y9tAk2Oxw5Toi8FaWurwV53RDXNLwM2hUSq, yWG4b2eN4pKsb100keo6CCz73eIrjPq3VvyEwdxcl8WCuccwxo, 72528, 1, AAAAA, 2016-04-13 10:40:51.504, null, 2016-04-13 10:40:51.504, 1, 51000]
[EL Fine]: sql: 2016-04-13 10:40:51.513--ClientSession(1615495545)--Connection(230606299)--Thread(Thread[Test worker,5,main])--INSERT INTO ast_UserAccessLevel_M (userAccessLevelId, levelDescription, levelHelp, levelIcon, levelName, userAccessLevel, versionId, createdBy, createdDate, updatedBy, updatedDate, activeStatus, txnAccessCode) VALUES (?, ?, ?, ?, ?, ?, ?, ?, ?, ?, ?, ?, ?)
	bind => [78EDAA7C-CDCE-4819-B512-61EC630FD16B, 6kwzyz4qsv5siUyqOsH8DiDmnqQDBFp4eudtV926InJqmpYaef, doSbUrpOQFyiedBwMEefVJ7y6dmZ1AISi8y1QIhSOAJ1UNqND6, T6tt8e3VaHhAhGk5vk2cy4HfUkHmCf40A7wb6xjBaq2uQ4Da6t, pDYXh2H5BSxP0hvq1xLBJqtrLj3foc2KlYU6zFRyolryXr01tQ, 30971, 1, AAAAA, 2016-04-13 10:40:51.51, null, 2016-04-13 10:40:51.51, 1, 51000]
[EL Fine]: sql: 2016-04-13 10:40:51.517--ClientSession(1113671741)--Connection(230606299)--Thread(Thread[Test worker,5,main])--INSERT INTO ast_Question_M (questionId, levelid, question, questionDetails, questionIcon, versionId, createdBy, createdDate, updatedBy, updatedDate, activeStatus, txnAccessCode) VALUES (?, ?, ?, ?, ?, ?, ?, ?, ?, ?, ?, ?)
	bind => [AF1B5617-2C5D-405C-8CD6-4B73BC53AA73, 2, cstWZE1oUZS83G2aax4w3O3iOnsYn397so8Q5OLahMiAdB50RL, cNdNHOEh5V, 1ZhulOL31eueeUpAavXQUtCx0S4xIEQ9HTlAj0pt7q6YKzXv9t, 1, AAAAA, 2016-04-13 10:40:51.515, null, 2016-04-13 10:40:51.515, 1, 51000]
[EL Fine]: sql: 2016-04-13 10:40:51.523--ClientSession(650369215)--Connection(230606299)--Thread(Thread[Test worker,5,main])--INSERT INTO ast_Language_M (languageId, alpha2, alpha3, alpha4, alpha4parentid, language, languageDescription, languageIcon, languageType, versionId, createdBy, createdDate, updatedBy, updatedDate, activeStatus, txnAccessCode) VALUES (?, ?, ?, ?, ?, ?, ?, ?, ?, ?, ?, ?, ?, ?, ?, ?)
	bind => [F7057C56-9FAB-48C9-B5EC-C944C0752EBC, WT, e2T, kh9z, 10, SU5nep3DYZpzbth5bcnmZFYeR4nz4oel6iOK2RQL0yOej6k4jo, uh2ADl9W1yKv2pBpzWdJbOBpDGAmA0ua6ZGndnzXSn6DB8BT3l, pEaNHltxKyPE8ENc8ePYOKuxH3TenwQSA3JtUEUelOmnXlUMwk, f55F1SFHTqb1DMZppLSUcGoe538OG3mV, 1, AAAAA, 2016-04-13 10:40:51.52, null, 2016-04-13 10:40:51.52, 1, 51000]
[EL Fine]: sql: 2016-04-13 10:40:51.527--ClientSession(188869185)--Connection(230606299)--Thread(Thread[Test worker,5,main])--INSERT INTO ast_Title_M (titleId, titles, versionId, createdBy, createdDate, updatedBy, updatedDate, activeStatus, txnAccessCode) VALUES (?, ?, ?, ?, ?, ?, ?, ?, ?)
	bind => [9AA03357-A3E3-4A32-B0CF-2FF91AE9BB7C, 9RdavetReLtIPPgV5bO9YDFZ3DhRKaXX4O90JXwGtMzRgp4C2A, 1, AAAAA, 2016-04-13 10:40:51.526, null, 2016-04-13 10:40:51.526, 1, 51000]
[EL Fine]: sql: 2016-04-13 10:40:51.532--ClientSession(1763763972)--Connection(230606299)--Thread(Thread[Test worker,5,main])--INSERT INTO ast_Gender_M (genderId, gender, versionId, createdBy, createdDate, updatedBy, updatedDate, activeStatus, txnAccessCode) VALUES (?, ?, ?, ?, ?, ?, ?, ?, ?)
	bind => [DFB5DBB2-4B68-4374-A238-C515B7E29A7E, hO6XCRYkag4aNuDoxrG8Ok8KIx4ba83vdyyAondWhz56N2YPU3, 1, AAAAA, 2016-04-13 10:40:51.53, null, 2016-04-13 10:40:51.53, 1, 51000]
[EL Fine]: sql: 2016-04-13 10:40:51.538--ClientSession(2074456864)--Connection(230606299)--Thread(Thread[Test worker,5,main])--INSERT INTO ast_Timezone_M (timeZoneId, cities, country, gmtLabel, timeZoneLabel, utcdifference, versionId, createdBy, createdDate, updatedBy, updatedDate, activeStatus, txnAccessCode) VALUES (?, ?, ?, ?, ?, ?, ?, ?, ?, ?, ?, ?, ?)
	bind => [CFD05976-11E2-4348-A23B-CACB0B5B5D32, fmXEKBq8FHUaIBcEQxYlSBf0n9ZzYQ34eqDRwjRgDrarsIEtQR, jeOTwtnLHTv6TAmAh8jjSp1piyXwkzSbPAJrzRE4M9KunGL9Kn, GALJYNuELvRM3TlS470tP4VoGCzJbn0e58bpOUxvj7EznQCv17, nB8NkhQ0vZfniIH5nHdtHsuVCCFloOeiKvbNlV9HU9oY0otD7s, 10, 1, AAAAA, 2016-04-13 10:40:51.536, null, 2016-04-13 10:40:51.536, 1, 51000]
[EL Fine]: sql: 2016-04-13 10:40:51.543--ClientSession(666463434)--Connection(230606299)--Thread(Thread[Test worker,5,main])--INSERT INTO ast_CommunicationGroup_M (commGroupId, commGroupDescription, commGroupName, versionId, createdBy, createdDate, updatedBy, updatedDate, activeStatus, txnAccessCode) VALUES (?, ?, ?, ?, ?, ?, ?, ?, ?, ?)
	bind => [0AEF67E6-F090-4F18-9575-906181BFBC5C, g1X2a52s1MWZ4vf4jJvFrF7GMtyenpvTH5QdDArpIhFtbVCbBt, OOHR9ZwZoldsaMuBizB8cPQfryEvTHmv7ASuzN204iaC3FtxU3, 1, AAAAA, 2016-04-13 10:40:51.541, null, 2016-04-13 10:40:51.541, 1, 51000]
[EL Fine]: sql: 2016-04-13 10:40:51.547--ClientSession(9085317)--Connection(230606299)--Thread(Thread[Test worker,5,main])--INSERT INTO ast_CommunicationType_M (commType, commGroupId, commTypeDescription, commTypeName, versionId, createdBy, createdDate, updatedBy, updatedDate, activeStatus, txnAccessCode) VALUES (?, ?, ?, ?, ?, ?, ?, ?, ?, ?, ?)
	bind => [36536291-79D9-4B1E-9ED2-2079DE4A3964, 0AEF67E6-F090-4F18-9575-906181BFBC5C, YQT97YjKoa4orqBcGkwntBkU036TKgOdSleeZKdQL2mfpOdkJv, hF7a8BfxwEZG0vrl4nP3IH3JLzJraXBuwoIusnaOsKaROptY9j, 1, AAAAA, 2016-04-13 10:40:51.541, null, 2016-04-13 10:40:51.541, 1, 51000]
[EL Fine]: sql: 2016-04-13 10:40:51.553--ClientSession(1080122199)--Connection(230606299)--Thread(Thread[Test worker,5,main])--INSERT INTO ast_Country_M (countryId, capital, capitalLatitude, capitalLongitude, countryCode1, countryCode2, countryFlag, countryName, currencyCode, currencyName, currencySymbol, isoNumeric, versionId, createdBy, createdDate, updatedBy, updatedDate, activeStatus, txnAccessCode) VALUES (?, ?, ?, ?, ?, ?, ?, ?, ?, ?, ?, ?, ?, ?, ?, ?, ?, ?, ?)
	bind => [F96BF9E1-5E83-4242-8051-962970BD3E8B, NpgIa21MUkEnKBEqjF97Az7dqMGvEglz, 2, 4, hHr, HIV, 5qcOvQt6fc96Qy4mKC8RJFIiHoUDbAKRSeL8eiwHezPoD5E7K4, 7GyJx17dtfpz7wFBw1eAN4aBXP17mX0kqdL1WxdLEjdJTDedN2, mTW, 2fkHbm6fmtlZNDJIYkQElrLIU4Tg0REtPaQztc46O7z2OToKRh, RxNn0sTu0Fx8GsTALv8iLql0Bfb1oZZp, 422, 1, AAAAA, 2016-04-13 10:40:51.55, null, 2016-04-13 10:40:51.55, 1, 51000]
[EL Fine]: sql: 2016-04-13 10:40:51.559--ClientSession(1379019429)--Connection(230606299)--Thread(Thread[Test worker,5,main])--INSERT INTO ast_State_M (stateId, countryId, stateCapital, stateCapitalLatitude, stateCapitalLongitude, stateCode, stateCodeChar2, stateCodeChar3, stateDescription, stateFlag, stateName, versionId, createdBy, createdDate, updatedBy, updatedDate, activeStatus, txnAccessCode) VALUES (?, ?, ?, ?, ?, ?, ?, ?, ?, ?, ?, ?, ?, ?, ?, ?, ?, ?)
	bind => [79A24F2C-9100-429B-B2C5-232607169743, F96BF9E1-5E83-4242-8051-962970BD3E8B, 5hhkKtlihKxnpi0L289EamRfRIBH3Iw7R0PAVG6j9NWp9HADLe, 10, 3, 2, M7LKRDDbryg1w63xwRE0pTfs6wrVMYFD, xv9teWmKlgMlJux2OCA2NZ4ip1SWI4ZQ, Cgx7ahjFVN4KPgpMZ5UHaGepX92xvtZd0LnAlekP8jcuHODEtO, dLhrkXFI8QJBt7ChFdI64PYd9qO8SycIC8KbSQZRrypjUfFL2m, 0eiea7sQRTSKunztI2h2larkZdJmzt5nhbZK0IpAPkLzk8je7w, 1, AAAAA, 2016-04-13 10:40:51.55, null, 2016-04-13 10:40:51.55, 1, 51000]
[EL Fine]: sql: 2016-04-13 10:40:51.564--ClientSession(246234089)--Connection(230606299)--Thread(Thread[Test worker,5,main])--INSERT INTO ast_AddressType_M (addressTypeId, addressType, addressTypeDesc, addressTypeIcon, versionId, createdBy, createdDate, updatedBy, updatedDate, activeStatus, txnAccessCode) VALUES (?, ?, ?, ?, ?, ?, ?, ?, ?, ?, ?)
	bind => [C14A84FF-0F95-401D-9457-E8E4FDEAA438, byW3D0yNF3AfxjQX9XKdgMU0uP5T9EG6atoszO0yuR2Tld5oH4, RQZ7J58XQOeVkV0QxyktOkT2scoVRCLjxlQz7VZpdp5qYqzRyM, X4g6a0YfWtBbTO0V83P7G6R1go6hJ5tSltkDfve321VE2ugU40, 1, AAAAA, 2016-04-13 10:40:51.562, null, 2016-04-13 10:40:51.562, 1, 51000]
[EL Fine]: sql: 2016-04-13 10:40:51.57--ClientSession(382565150)--Connection(230606299)--Thread(Thread[Test worker,5,main])--INSERT INTO ast_City_M (cityId, cityCode, cityCodeChar2, cityDescription, cityFlag, cityLatitude, cityLongitude, cityName, countryId, stateId, versionId, createdBy, createdDate, updatedBy, updatedDate, activeStatus, txnAccessCode) VALUES (?, ?, ?, ?, ?, ?, ?, ?, ?, ?, ?, ?, ?, ?, ?, ?, ?)
	bind => [45396404-D917-4A05-A332-7476B81E16F5, 3, IL5v5ULhZHOg94b1S4Vg4mlwuNp1CWoU, BHaLL5SE5LN1Hp71Veqehhiw3ASQt4Ux7Hm4QYi6Gthl6G5fX3, jaUnGTuQakaJKqnuJ4P0hso1HQr0Lab6ISE3cgLhUiZBb4Atv4, 11, 7, W5hDsjJxkE2id3RPGVqHScgCKvcMsgIMx3bs3dGUWw121yMfuJ, F96BF9E1-5E83-4242-8051-962970BD3E8B, 79A24F2C-9100-429B-B2C5-232607169743, 1, AAAAA, 2016-04-13 10:40:51.567, null, 2016-04-13 10:40:51.567, 1, 51000]
[EL Fine]: sql: 2016-04-13 10:40:51.577--ClientSession(1335231402)--Connection(230606299)--Thread(Thread[Test worker,5,main])--SELECT timeZoneId FROM ast_Timezone_M WHERE (timeZoneId = ?)
	bind => [CFD05976-11E2-4348-A23B-CACB0B5B5D32]
[EL Fine]: sql: 2016-04-13 10:40:51.578--ClientSession(1335231402)--Connection(230606299)--Thread(Thread[Test worker,5,main])--INSERT INTO ast_CoreContacts_T (contactId, age, approximateDOB, dateofbirth, emailId, firstName, genderId, lastName, middleName, nativeFirstName, nativeLanguageCode, nativeLastName, nativeMiddleName, nativeTitle, phoneNumber, titleId, versionId, createdBy, createdDate, updatedBy, updatedDate, activeStatus, txnAccessCode, timeZoneId) VALUES (?, ?, ?, ?, ?, ?, ?, ?, ?, ?, ?, ?, ?, ?, ?, ?, ?, ?, ?, ?, ?, ?, ?, ?)
	bind => [B30DECE3-EC04-4AFA-8AE3-4FD70B08621D, 16, 2016-04-13 10:30:28.719, 2016-04-13 10:30:29.542, DvYacHQ4geqWG2ZLcRuAah4gbw9vVJGEnilaXrXwa5SLgCmFLL, ePjND3prytvTmss4OnPzN2L9CfhNtPqFIEg3qljAc5KkrDUCwX, DFB5DBB2-4B68-4374-A238-C515B7E29A7E, rr6A4PBhZa8DR48i56RSyxVN5aZNA5fnQ5hcSZzz83A2WjbJid, ZB90yBiycaeSquYIIthooPhmZzTlUkc5Mf3GJDK3gn4h1kVN1c, 92yaVgvDGra2N4Jr8Zc19KYW795jdE5fOdVwu6cPVRUIplDdq0, F7057C56-9FAB-48C9-B5EC-C944C0752EBC, Fj1WBiOcEJ7RQWJJ2y3foJsCHumG46KjM8h0jHTGh03LXiaMri, Al5pYKxhW6CBRW1FXEwqrvLQCMhFJnnzEDhrpxdr8LFguJNu6n, D3Me26hgqxeRtFG3uGY1yTcsciRAdNvZLShI6ywVSomkEaZ5Tn, dSDhPXT1rYboyWne7YMI, 9AA03357-A3E3-4A32-B0CF-2FF91AE9BB7C, 1, AAAAA, 2016-04-13 10:40:51.52, null, 2016-04-13 10:40:51.52, 1, 51000, CFD05976-11E2-4348-A23B-CACB0B5B5D32]
[EL Fine]: sql: 2016-04-13 10:40:51.579--ClientSession(1335231402)--Connection(230606299)--Thread(Thread[Test worker,5,main])--INSERT INTO ast_User_T (userId, allowMultipleLogin, changePasswordNextLogin, genTempOneTimePassword, isDeleted, isLocked, lastPasswordChangeDate, multiFactorAuthEnabled, passwordAlgo, passwordExpiryDate, sessionTimeout, userAccessCode, userAccessDomainId, userAccessLevelId, versionId, createdBy, createdDate, updatedBy, updatedDate, activeStatus, txnAccessCode) VALUES (?, ?, ?, ?, ?, ?, ?, ?, ?, ?, ?, ?, ?, ?, ?, ?, ?, ?, ?, ?, ?)
	bind => [677E0079-11EB-4B36-A758-C7E0B92C259C, 1, 1, 1, 1, 1, 2016-04-13 10:30:26.461, 1, qipaj6XI3wsK1neV5V19yvGHz3Jc0lxhiBNFHLH4nVFx9oGa0n, 2016-04-13 10:30:26.461, 1290, 50733, 6324EA61-1C8B-4FF2-811C-6AEE20909141, 78EDAA7C-CDCE-4819-B512-61EC630FD16B, 1, AAAAA, 2016-04-13 10:40:51.504, null, 2016-04-13 10:40:51.504, 1, 51000]
[EL Fine]: sql: 2016-04-13 10:40:51.58--ClientSession(1335231402)--Connection(230606299)--Thread(Thread[Test worker,5,main])--INSERT INTO ast_Login_T (loginPk, failedLoginAttempts, loginId, serverAuthImage, serverAuthText, versionId, createdBy, createdDate, updatedBy, updatedDate, activeStatus, txnAccessCode, contactId, userId) VALUES (?, ?, ?, ?, ?, ?, ?, ?, ?, ?, ?, ?, ?, ?)
	bind => [8E999D33-C988-4583-945A-13D886632372, 1, mhrIgaVLSWjLBZ6hPEtRc7k0ay6unYRJZ0ZyfGPIcYur4MFmXN, 2x7TkuKRS98zaSCY0n5xxNr8Wqlg0hMv, b3JqD2VLMNk8EFbP, 1, AAAAA, 2016-04-13 10:40:51.572, null, 2016-04-13 10:40:51.572, 1, 51000, B30DECE3-EC04-4AFA-8AE3-4FD70B08621D, 677E0079-11EB-4B36-A758-C7E0B92C259C]
[EL Fine]: sql: 2016-04-13 10:40:51.581--ClientSession(1335231402)--Connection(230606299)--Thread(Thread[Test worker,5,main])--INSERT INTO ast_PassRecovery_TP (passRecoveryId, answer, questionId, versionId, createdBy, createdDate, updatedBy, updatedDate, activeStatus, txnAccessCode, userId) VALUES (?, ?, ?, ?, ?, ?, ?, ?, ?, ?, ?)
	bind => [C2CA9345-DE5F-448F-8B13-ACC0D6A29865, P1nnr411qBCwp1ZON2M0b1Zl7bz9uLdsadPsEGIelsvfQTLUeU, AF1B5617-2C5D-405C-8CD6-4B73BC53AA73, 1, AAAAA, 2016-04-13 10:40:51.515, null, 2016-04-13 10:40:51.515, 1, 51000, 677E0079-11EB-4B36-A758-C7E0B92C259C]
[EL Fine]: sql: 2016-04-13 10:40:51.648--ClientSession(1335231402)--Connection(230606299)--Thread(Thread[Test worker,5,main])--INSERT INTO ast_UserData_TP (userDataId, last5Passwords, oneTimePassword, oneTimePasswordExpiry, oneTimePasswordGenDate, password, versionId, createdBy, createdDate, updatedBy, updatedDate, activeStatus, txnAccessCode, userId) VALUES (?, ?, ?, ?, ?, ?, ?, ?, ?, ?, ?, ?, ?, ?)
	bind => [2A24A1A2-9CDA-4278-918E-91776F939812, yxge9igtUiywFCI1YYQnW9ksvxTPVDP5iAnmzMliQ2caR3eYqo, CDrFwQPUkHYN2xFIM8M5PcLD3VIXIvli, 4, 2016-04-13 10:30:28.174, QD0hrmcaSGsMuFou2fJoo4iBPRVZOTtu18GHqu9nC94FRXkw7E, 1, AAAAA, 2016-04-13 10:40:51.52, null, 2016-04-13 10:40:51.52, 1, 51000, 677E0079-11EB-4B36-A758-C7E0B92C259C]
[EL Fine]: sql: 2016-04-13 10:40:51.649--ClientSession(1335231402)--Connection(230606299)--Thread(Thread[Test worker,5,main])--INSERT INTO ast_CommunicationData_TP (commDataId, commData, commGroupId, commType, versionId, createdBy, createdDate, updatedBy, updatedDate, activeStatus, txnAccessCode) VALUES (?, ?, ?, ?, ?, ?, ?, ?, ?, ?, ?)
	bind => [4A902103-C119-4B28-940F-8C2A8A9BCE92, lBaiDzcte6, 0AEF67E6-F090-4F18-9575-906181BFBC5C, 36536291-79D9-4B1E-9ED2-2079DE4A3964, 1, AAAAA, 2016-04-13 10:40:51.541, null, 2016-04-13 10:40:51.541, 1, 51000]
[EL Fine]: sql: 2016-04-13 10:40:51.649--ClientSession(1335231402)--Connection(230606299)--Thread(Thread[Test worker,5,main])--INSERT INTO ast_Address_T (addressId, address1, address2, address3, addressLabel, addressTypeId, cityId, countryId, latitude, longitude, stateId, versionId, zipcode, createdBy, createdDate, updatedBy, updatedDate, activeStatus, txnAccessCode) VALUES (?, ?, ?, ?, ?, ?, ?, ?, ?, ?, ?, ?, ?, ?, ?, ?, ?, ?, ?)
	bind => [80846309-1040-47D3-A762-579F191D88A7, SiQsVEIek7nc6mLt8g8Dr5g3NQRg9pAW4tsFg0txQSTd84JbG4, kUgdNNB67mwevIeqtcFIrBGbnEklnlRmDVHtkRrnjxM3A1Cf7s, 6v7P26lUJLaiLC6TmmWzSWql7HbSY7QvpO1WWbgRT0bokbR7YT, 1Pab1ossNJQ, C14A84FF-0F95-401D-9457-E8E4FDEAA438, 45396404-D917-4A05-A332-7476B81E16F5, F96BF9E1-5E83-4242-8051-962970BD3E8B, uMajbvnb0dCWd8ngcFA7nTQlSP0opcIcbJ1AsljbvEk1D1bv82, OlbOnhPZoYqqtjyovdckfgnEMlvkbOqERYvI5aQqamDgD1X1a0, 79A24F2C-9100-429B-B2C5-232607169743, 1, A28UsF, AAAAA, 2016-04-13 10:40:51.55, null, 2016-04-13 10:40:51.55, 1, 51000]
[EL Fine]: sql: 2016-04-13 10:40:51.65--ClientSession(1335231402)--Connection(230606299)--Thread(Thread[Test worker,5,main])--INSERT INTO ast_AddressMap_B (addressId, contactId) VALUES (?, ?)
	bind => [80846309-1040-47D3-A762-579F191D88A7, B30DECE3-EC04-4AFA-8AE3-4FD70B08621D]
[EL Fine]: sql: 2016-04-13 10:40:51.651--ClientSession(1335231402)--Connection(230606299)--Thread(Thread[Test worker,5,main])--INSERT INTO ast_CommunicationMap_B (commDataId, contactId) VALUES (?, ?)
	bind => [4A902103-C119-4B28-940F-8C2A8A9BCE92, B30DECE3-EC04-4AFA-8AE3-4FD70B08621D]
[EL Fine]: sql: 2016-04-13 10:40:51.658--ClientSession(393252811)--Connection(230606299)--Thread(Thread[Test worker,5,main])--SELECT loginPk, failedLoginAttempts, loginId, serverAuthImage, serverAuthText, versionId, createdBy, createdDate, updatedBy, updatedDate, activeStatus, txnAccessCode, contactId, userId FROM ast_Login_T WHERE ((activeStatus = ?) AND (loginPk = ?))
	bind => [1, 8E999D33-C988-4583-945A-13D886632372]
[EL Fine]: sql: 2016-04-13 10:40:51.659--ClientSession(393252811)--Connection(230606299)--Thread(Thread[Test worker,5,main])--SELECT contactId, age, approximateDOB, dateofbirth, emailId, firstName, genderId, lastName, middleName, nativeFirstName, nativeLanguageCode, nativeLastName, nativeMiddleName, nativeTitle, phoneNumber, titleId, versionId, createdBy, createdDate, updatedBy, updatedDate, activeStatus, txnAccessCode, timeZoneId FROM ast_CoreContacts_T WHERE (contactId = ?)
	bind => [B30DECE3-EC04-4AFA-8AE3-4FD70B08621D]
[EL Fine]: sql: 2016-04-13 10:40:51.66--ClientSession(393252811)--Connection(230606299)--Thread(Thread[Test worker,5,main])--SELECT timeZoneId, cities, country, gmtLabel, timeZoneLabel, utcdifference, versionId, createdBy, createdDate, updatedBy, updatedDate, activeStatus, txnAccessCode FROM ast_Timezone_M WHERE (timeZoneId = ?)
	bind => [CFD05976-11E2-4348-A23B-CACB0B5B5D32]
[EL Fine]: sql: 2016-04-13 10:40:51.66--ClientSession(393252811)--Connection(230606299)--Thread(Thread[Test worker,5,main])--SELECT userId, allowMultipleLogin, changePasswordNextLogin, genTempOneTimePassword, isDeleted, isLocked, lastPasswordChangeDate, multiFactorAuthEnabled, passwordAlgo, passwordExpiryDate, sessionTimeout, userAccessCode, userAccessDomainId, userAccessLevelId, versionId, createdBy, createdDate, updatedBy, updatedDate, activeStatus, txnAccessCode FROM ast_User_T WHERE (userId = ?)
	bind => [677E0079-11EB-4B36-A758-C7E0B92C259C]
[EL Fine]: sql: 2016-04-13 10:40:51.661--ClientSession(393252811)--Connection(230606299)--Thread(Thread[Test worker,5,main])--SELECT userDataId, last5Passwords, oneTimePassword, oneTimePasswordExpiry, oneTimePasswordGenDate, password, versionId, createdBy, createdDate, updatedBy, updatedDate, activeStatus, txnAccessCode, userId FROM ast_UserData_TP WHERE (userId = ?)
	bind => [677E0079-11EB-4B36-A758-C7E0B92C259C]
[EL Fine]: sql: 2016-04-13 10:40:51.663--ServerSession(61101456)--Connection(230606299)--Thread(Thread[Test worker,5,main])--SELECT t1.commDataId, t1.commData, t1.commGroupId, t1.commType, t1.versionId, t1.createdBy, t1.createdDate, t1.updatedBy, t1.updatedDate, t1.activeStatus, t1.txnAccessCode FROM ast_CommunicationMap_B t0, ast_CommunicationData_TP t1 WHERE ((t0.contactId = ?) AND (t1.commDataId = t0.commDataId))
	bind => [B30DECE3-EC04-4AFA-8AE3-4FD70B08621D]
[EL Fine]: sql: 2016-04-13 10:40:51.664--ServerSession(61101456)--Connection(230606299)--Thread(Thread[Test worker,5,main])--SELECT t1.addressId, t1.address1, t1.address2, t1.address3, t1.addressLabel, t1.addressTypeId, t1.cityId, t1.countryId, t1.latitude, t1.longitude, t1.stateId, t1.versionId, t1.zipcode, t1.createdBy, t1.createdDate, t1.updatedBy, t1.updatedDate, t1.activeStatus, t1.txnAccessCode FROM ast_AddressMap_B t0, ast_Address_T t1 WHERE ((t0.contactId = ?) AND (t1.addressId = t0.addressId))
	bind => [B30DECE3-EC04-4AFA-8AE3-4FD70B08621D]
[EL Fine]: sql: 2016-04-13 10:40:51.665--ServerSession(61101456)--Connection(230606299)--Thread(Thread[Test worker,5,main])--SELECT passRecoveryId, answer, questionId, versionId, createdBy, createdDate, updatedBy, updatedDate, activeStatus, txnAccessCode, userId FROM ast_PassRecovery_TP WHERE (userId = ?)
	bind => [677E0079-11EB-4B36-A758-C7E0B92C259C]
[EL Fine]: sql: 2016-04-13 10:40:51.668--ClientSession(116853809)--Connection(230606299)--Thread(Thread[Test worker,5,main])--SELECT loginPk, failedLoginAttempts, loginId, serverAuthImage, serverAuthText, versionId, createdBy, createdDate, updatedBy, updatedDate, activeStatus, txnAccessCode, contactId, userId FROM ast_Login_T WHERE (loginPk = ?)
	bind => [8E999D33-C988-4583-945A-13D886632372]
[EL Fine]: sql: 2016-04-13 10:40:51.669--ClientSession(116853809)--Connection(230606299)--Thread(Thread[Test worker,5,main])--SELECT contactId, age, approximateDOB, dateofbirth, emailId, firstName, genderId, lastName, middleName, nativeFirstName, nativeLanguageCode, nativeLastName, nativeMiddleName, nativeTitle, phoneNumber, titleId, versionId, createdBy, createdDate, updatedBy, updatedDate, activeStatus, txnAccessCode, timeZoneId FROM ast_CoreContacts_T WHERE (contactId = ?)
	bind => [B30DECE3-EC04-4AFA-8AE3-4FD70B08621D]
[EL Fine]: sql: 2016-04-13 10:40:51.67--ClientSession(116853809)--Connection(230606299)--Thread(Thread[Test worker,5,main])--SELECT timeZoneId, cities, country, gmtLabel, timeZoneLabel, utcdifference, versionId, createdBy, createdDate, updatedBy, updatedDate, activeStatus, txnAccessCode FROM ast_Timezone_M WHERE (timeZoneId = ?)
	bind => [CFD05976-11E2-4348-A23B-CACB0B5B5D32]
[EL Fine]: sql: 2016-04-13 10:40:51.67--ClientSession(116853809)--Connection(230606299)--Thread(Thread[Test worker,5,main])--SELECT userId, allowMultipleLogin, changePasswordNextLogin, genTempOneTimePassword, isDeleted, isLocked, lastPasswordChangeDate, multiFactorAuthEnabled, passwordAlgo, passwordExpiryDate, sessionTimeout, userAccessCode, userAccessDomainId, userAccessLevelId, versionId, createdBy, createdDate, updatedBy, updatedDate, activeStatus, txnAccessCode FROM ast_User_T WHERE (userId = ?)
	bind => [677E0079-11EB-4B36-A758-C7E0B92C259C]
[EL Fine]: sql: 2016-04-13 10:40:51.671--ClientSession(116853809)--Connection(230606299)--Thread(Thread[Test worker,5,main])--SELECT userDataId, last5Passwords, oneTimePassword, oneTimePasswordExpiry, oneTimePasswordGenDate, password, versionId, createdBy, createdDate, updatedBy, updatedDate, activeStatus, txnAccessCode, userId FROM ast_UserData_TP WHERE (userId = ?)
	bind => [677E0079-11EB-4B36-A758-C7E0B92C259C]
[EL Fine]: sql: 2016-04-13 10:40:51.672--ClientSession(116853809)--Connection(230606299)--Thread(Thread[Test worker,5,main])--SELECT t1.addressId, t1.address1, t1.address2, t1.address3, t1.addressLabel, t1.addressTypeId, t1.cityId, t1.countryId, t1.latitude, t1.longitude, t1.stateId, t1.versionId, t1.zipcode, t1.createdBy, t1.createdDate, t1.updatedBy, t1.updatedDate, t1.activeStatus, t1.txnAccessCode FROM ast_AddressMap_B t0, ast_Address_T t1 WHERE ((t0.contactId = ?) AND (t1.addressId = t0.addressId))
	bind => [B30DECE3-EC04-4AFA-8AE3-4FD70B08621D]
[EL Fine]: sql: 2016-04-13 10:40:51.673--ClientSession(116853809)--Connection(230606299)--Thread(Thread[Test worker,5,main])--SELECT t1.commDataId, t1.commData, t1.commGroupId, t1.commType, t1.versionId, t1.createdBy, t1.createdDate, t1.updatedBy, t1.updatedDate, t1.activeStatus, t1.txnAccessCode FROM ast_CommunicationMap_B t0, ast_CommunicationData_TP t1 WHERE ((t0.contactId = ?) AND (t1.commDataId = t0.commDataId))
	bind => [B30DECE3-EC04-4AFA-8AE3-4FD70B08621D]
[EL Fine]: sql: 2016-04-13 10:40:51.674--ClientSession(116853809)--Connection(230606299)--Thread(Thread[Test worker,5,main])--SELECT passRecoveryId, answer, questionId, versionId, createdBy, createdDate, updatedBy, updatedDate, activeStatus, txnAccessCode, userId FROM ast_PassRecovery_TP WHERE (userId = ?)
	bind => [677E0079-11EB-4B36-A758-C7E0B92C259C]
[EL Fine]: sql: 2016-04-13 10:40:51.676--ClientSession(116853809)--Connection(230606299)--Thread(Thread[Test worker,5,main])--UPDATE ast_CoreContacts_T SET updatedBy = ?, versionId = ? WHERE ((contactId = ?) AND (versionId = ?))
	bind => [AAAAA, 2, B30DECE3-EC04-4AFA-8AE3-4FD70B08621D, 1]
[EL Fine]: sql: 2016-04-13 10:40:51.677--ClientSession(116853809)--Connection(230606299)--Thread(Thread[Test worker,5,main])--UPDATE ast_User_T SET updatedBy = ?, versionId = ? WHERE ((userId = ?) AND (versionId = ?))
	bind => [AAAAA, 2, 677E0079-11EB-4B36-A758-C7E0B92C259C, 1]
[EL Fine]: sql: 2016-04-13 10:40:51.677--ClientSession(116853809)--Connection(230606299)--Thread(Thread[Test worker,5,main])--UPDATE ast_Login_T SET failedLoginAttempts = ?, loginId = ?, serverAuthImage = ?, serverAuthText = ?, updatedBy = ?, versionId = ? WHERE ((loginPk = ?) AND (versionId = ?))
	bind => [6, 5glSO0dZxRAmIgwwe2yuTK2DplSN2RpuX8u1v7XnIaoxNB2lkW, EGo8dVegGrov0ggmWIW2p0i0bcUm1Yug, GXJYRYDpfeGiB8ek, AAAAA, 2, 8E999D33-C988-4583-945A-13D886632372, 1]
[EL Fine]: sql: 2016-04-13 10:40:51.678--ClientSession(116853809)--Connection(230606299)--Thread(Thread[Test worker,5,main])--UPDATE ast_PassRecovery_TP SET updatedBy = ?, versionId = ? WHERE ((passRecoveryId = ?) AND (versionId = ?))
	bind => [AAAAA, 2, C2CA9345-DE5F-448F-8B13-ACC0D6A29865, 1]
[EL Fine]: sql: 2016-04-13 10:40:51.679--ClientSession(116853809)--Connection(230606299)--Thread(Thread[Test worker,5,main])--UPDATE ast_UserData_TP SET updatedBy = ?, versionId = ? WHERE ((userDataId = ?) AND (versionId = ?))
	bind => [AAAAA, 2, 2A24A1A2-9CDA-4278-918E-91776F939812, 1]
[EL Fine]: sql: 2016-04-13 10:40:51.68--ClientSession(116853809)--Connection(230606299)--Thread(Thread[Test worker,5,main])--UPDATE ast_CommunicationData_TP SET updatedBy = ?, versionId = ? WHERE ((commDataId = ?) AND (versionId = ?))
	bind => [AAAAA, 2, 4A902103-C119-4B28-940F-8C2A8A9BCE92, 1]
[EL Fine]: sql: 2016-04-13 10:40:51.68--ClientSession(116853809)--Connection(230606299)--Thread(Thread[Test worker,5,main])--UPDATE ast_Address_T SET updatedBy = ?, versionId = ? WHERE ((addressId = ?) AND (versionId = ?))
	bind => [AAAAA, 2, 80846309-1040-47D3-A762-579F191D88A7, 1]
[EL Fine]: sql: 2016-04-13 10:40:51.687--ClientSession(1666943159)--Connection(230606299)--Thread(Thread[Test worker,5,main])--SELECT loginPk, failedLoginAttempts, loginId, serverAuthImage, serverAuthText, versionId, createdBy, createdDate, updatedBy, updatedDate, activeStatus, txnAccessCode, contactId, userId FROM ast_Login_T WHERE ((activeStatus = ?) AND (loginPk = ?))
	bind => [1, 8E999D33-C988-4583-945A-13D886632372]
[EL Fine]: sql: 2016-04-13 10:40:51.687--ClientSession(1666943159)--Connection(230606299)--Thread(Thread[Test worker,5,main])--SELECT contactId, age, approximateDOB, dateofbirth, emailId, firstName, genderId, lastName, middleName, nativeFirstName, nativeLanguageCode, nativeLastName, nativeMiddleName, nativeTitle, phoneNumber, titleId, versionId, createdBy, createdDate, updatedBy, updatedDate, activeStatus, txnAccessCode, timeZoneId FROM ast_CoreContacts_T WHERE (contactId = ?)
	bind => [B30DECE3-EC04-4AFA-8AE3-4FD70B08621D]
[EL Fine]: sql: 2016-04-13 10:40:51.688--ClientSession(1666943159)--Connection(230606299)--Thread(Thread[Test worker,5,main])--SELECT timeZoneId, cities, country, gmtLabel, timeZoneLabel, utcdifference, versionId, createdBy, createdDate, updatedBy, updatedDate, activeStatus, txnAccessCode FROM ast_Timezone_M WHERE (timeZoneId = ?)
	bind => [CFD05976-11E2-4348-A23B-CACB0B5B5D32]
[EL Fine]: sql: 2016-04-13 10:40:51.689--ClientSession(1666943159)--Connection(230606299)--Thread(Thread[Test worker,5,main])--SELECT userId, allowMultipleLogin, changePasswordNextLogin, genTempOneTimePassword, isDeleted, isLocked, lastPasswordChangeDate, multiFactorAuthEnabled, passwordAlgo, passwordExpiryDate, sessionTimeout, userAccessCode, userAccessDomainId, userAccessLevelId, versionId, createdBy, createdDate, updatedBy, updatedDate, activeStatus, txnAccessCode FROM ast_User_T WHERE (userId = ?)
	bind => [677E0079-11EB-4B36-A758-C7E0B92C259C]
[EL Fine]: sql: 2016-04-13 10:40:51.69--ClientSession(1666943159)--Connection(230606299)--Thread(Thread[Test worker,5,main])--SELECT userDataId, last5Passwords, oneTimePassword, oneTimePasswordExpiry, oneTimePasswordGenDate, password, versionId, createdBy, createdDate, updatedBy, updatedDate, activeStatus, txnAccessCode, userId FROM ast_UserData_TP WHERE (userId = ?)
	bind => [677E0079-11EB-4B36-A758-C7E0B92C259C]
[EL Fine]: sql: 2016-04-13 10:40:51.707--ClientSession(570774740)--Connection(230606299)--Thread(Thread[Test worker,5,main])--SELECT loginPk, failedLoginAttempts, loginId, serverAuthImage, serverAuthText, versionId, createdBy, createdDate, updatedBy, updatedDate, activeStatus, txnAccessCode, contactId, userId FROM ast_Login_T WHERE (loginPk = ?)
	bind => [8E999D33-C988-4583-945A-13D886632372]
[EL Fine]: sql: 2016-04-13 10:40:51.708--ClientSession(570774740)--Connection(230606299)--Thread(Thread[Test worker,5,main])--SELECT contactId, age, approximateDOB, dateofbirth, emailId, firstName, genderId, lastName, middleName, nativeFirstName, nativeLanguageCode, nativeLastName, nativeMiddleName, nativeTitle, phoneNumber, titleId, versionId, createdBy, createdDate, updatedBy, updatedDate, activeStatus, txnAccessCode, timeZoneId FROM ast_CoreContacts_T WHERE (contactId = ?)
	bind => [B30DECE3-EC04-4AFA-8AE3-4FD70B08621D]
[EL Fine]: sql: 2016-04-13 10:40:51.709--ClientSession(570774740)--Connection(230606299)--Thread(Thread[Test worker,5,main])--SELECT timeZoneId, cities, country, gmtLabel, timeZoneLabel, utcdifference, versionId, createdBy, createdDate, updatedBy, updatedDate, activeStatus, txnAccessCode FROM ast_Timezone_M WHERE (timeZoneId = ?)
	bind => [CFD05976-11E2-4348-A23B-CACB0B5B5D32]
[EL Fine]: sql: 2016-04-13 10:40:51.71--ClientSession(570774740)--Connection(230606299)--Thread(Thread[Test worker,5,main])--SELECT userId, allowMultipleLogin, changePasswordNextLogin, genTempOneTimePassword, isDeleted, isLocked, lastPasswordChangeDate, multiFactorAuthEnabled, passwordAlgo, passwordExpiryDate, sessionTimeout, userAccessCode, userAccessDomainId, userAccessLevelId, versionId, createdBy, createdDate, updatedBy, updatedDate, activeStatus, txnAccessCode FROM ast_User_T WHERE (userId = ?)
	bind => [677E0079-11EB-4B36-A758-C7E0B92C259C]
[EL Fine]: sql: 2016-04-13 10:40:51.71--ClientSession(570774740)--Connection(230606299)--Thread(Thread[Test worker,5,main])--SELECT userDataId, last5Passwords, oneTimePassword, oneTimePasswordExpiry, oneTimePasswordGenDate, password, versionId, createdBy, createdDate, updatedBy, updatedDate, activeStatus, txnAccessCode, userId FROM ast_UserData_TP WHERE (userId = ?)
	bind => [677E0079-11EB-4B36-A758-C7E0B92C259C]
[EL Fine]: sql: 2016-04-13 10:40:51.711--ClientSession(570774740)--Connection(230606299)--Thread(Thread[Test worker,5,main])--SELECT t1.addressId, t1.address1, t1.address2, t1.address3, t1.addressLabel, t1.addressTypeId, t1.cityId, t1.countryId, t1.latitude, t1.longitude, t1.stateId, t1.versionId, t1.zipcode, t1.createdBy, t1.createdDate, t1.updatedBy, t1.updatedDate, t1.activeStatus, t1.txnAccessCode FROM ast_AddressMap_B t0, ast_Address_T t1 WHERE ((t0.contactId = ?) AND (t1.addressId = t0.addressId))
	bind => [B30DECE3-EC04-4AFA-8AE3-4FD70B08621D]
[EL Fine]: sql: 2016-04-13 10:40:51.712--ClientSession(570774740)--Connection(230606299)--Thread(Thread[Test worker,5,main])--SELECT t1.commDataId, t1.commData, t1.commGroupId, t1.commType, t1.versionId, t1.createdBy, t1.createdDate, t1.updatedBy, t1.updatedDate, t1.activeStatus, t1.txnAccessCode FROM ast_CommunicationMap_B t0, ast_CommunicationData_TP t1 WHERE ((t0.contactId = ?) AND (t1.commDataId = t0.commDataId))
	bind => [B30DECE3-EC04-4AFA-8AE3-4FD70B08621D]
[EL Fine]: sql: 2016-04-13 10:40:51.713--ClientSession(570774740)--Connection(230606299)--Thread(Thread[Test worker,5,main])--SELECT passRecoveryId, answer, questionId, versionId, createdBy, createdDate, updatedBy, updatedDate, activeStatus, txnAccessCode, userId FROM ast_PassRecovery_TP WHERE (userId = ?)
	bind => [677E0079-11EB-4B36-A758-C7E0B92C259C]
[EL Fine]: sql: 2016-04-13 10:40:51.714--ClientSession(570774740)--Connection(230606299)--Thread(Thread[Test worker,5,main])--DELETE FROM ast_AddressMap_B WHERE (contactId = ?)
	bind => [B30DECE3-EC04-4AFA-8AE3-4FD70B08621D]
[EL Fine]: sql: 2016-04-13 10:40:51.715--ClientSession(570774740)--Connection(230606299)--Thread(Thread[Test worker,5,main])--DELETE FROM ast_CommunicationMap_B WHERE (contactId = ?)
	bind => [B30DECE3-EC04-4AFA-8AE3-4FD70B08621D]
[EL Fine]: sql: 2016-04-13 10:40:51.716--ClientSession(570774740)--Connection(230606299)--Thread(Thread[Test worker,5,main])--DELETE FROM ast_Address_T WHERE ((addressId = ?) AND (versionId = ?))
	bind => [80846309-1040-47D3-A762-579F191D88A7, 2]
[EL Fine]: sql: 2016-04-13 10:40:51.716--ClientSession(570774740)--Connection(230606299)--Thread(Thread[Test worker,5,main])--DELETE FROM ast_CommunicationData_TP WHERE ((commDataId = ?) AND (versionId = ?))
	bind => [4A902103-C119-4B28-940F-8C2A8A9BCE92, 2]
[EL Fine]: sql: 2016-04-13 10:40:51.717--ClientSession(570774740)--Connection(230606299)--Thread(Thread[Test worker,5,main])--DELETE FROM ast_UserData_TP WHERE ((userDataId = ?) AND (versionId = ?))
	bind => [2A24A1A2-9CDA-4278-918E-91776F939812, 2]
[EL Fine]: sql: 2016-04-13 10:40:51.718--ClientSession(570774740)--Connection(230606299)--Thread(Thread[Test worker,5,main])--DELETE FROM ast_PassRecovery_TP WHERE ((passRecoveryId = ?) AND (versionId = ?))
	bind => [C2CA9345-DE5F-448F-8B13-ACC0D6A29865, 2]
[EL Fine]: sql: 2016-04-13 10:40:51.718--ClientSession(570774740)--Connection(230606299)--Thread(Thread[Test worker,5,main])--DELETE FROM ast_Login_T WHERE ((loginPk = ?) AND (versionId = ?))
	bind => [8E999D33-C988-4583-945A-13D886632372, 2]
[EL Fine]: sql: 2016-04-13 10:40:51.719--ClientSession(570774740)--Connection(230606299)--Thread(Thread[Test worker,5,main])--DELETE FROM ast_User_T WHERE ((userId = ?) AND (versionId = ?))
	bind => [677E0079-11EB-4B36-A758-C7E0B92C259C, 2]
[EL Fine]: sql: 2016-04-13 10:40:51.719--ClientSession(570774740)--Connection(230606299)--Thread(Thread[Test worker,5,main])--DELETE FROM ast_CoreContacts_T WHERE ((contactId = ?) AND (versionId = ?))
	bind => [B30DECE3-EC04-4AFA-8AE3-4FD70B08621D, 2]
[EL Fine]: sql: 2016-04-13 10:40:51.723--ClientSession(1054995184)--Connection(230606299)--Thread(Thread[Test worker,5,main])--SELECT cityId, cityCode, cityCodeChar2, cityDescription, cityFlag, cityLatitude, cityLongitude, cityName, countryId, stateId, versionId, createdBy, createdDate, updatedBy, updatedDate, activeStatus, txnAccessCode FROM ast_City_M WHERE (cityId = ?)
	bind => [45396404-D917-4A05-A332-7476B81E16F5]
[EL Fine]: sql: 2016-04-13 10:40:51.724--ClientSession(1054995184)--Connection(230606299)--Thread(Thread[Test worker,5,main])--DELETE FROM ast_City_M WHERE ((cityId = ?) AND (versionId = ?))
	bind => [45396404-D917-4A05-A332-7476B81E16F5, 1]
[EL Fine]: sql: 2016-04-13 10:40:51.727--ClientSession(1730434892)--Connection(230606299)--Thread(Thread[Test worker,5,main])--SELECT addressTypeId, addressType, addressTypeDesc, addressTypeIcon, versionId, createdBy, createdDate, updatedBy, updatedDate, activeStatus, txnAccessCode FROM ast_AddressType_M WHERE (addressTypeId = ?)
	bind => [C14A84FF-0F95-401D-9457-E8E4FDEAA438]
[EL Fine]: sql: 2016-04-13 10:40:51.727--ClientSession(1730434892)--Connection(230606299)--Thread(Thread[Test worker,5,main])--DELETE FROM ast_AddressType_M WHERE ((addressTypeId = ?) AND (versionId = ?))
	bind => [C14A84FF-0F95-401D-9457-E8E4FDEAA438, 1]
[EL Fine]: sql: 2016-04-13 10:40:51.73--ClientSession(92214208)--Connection(230606299)--Thread(Thread[Test worker,5,main])--SELECT stateId, countryId, stateCapital, stateCapitalLatitude, stateCapitalLongitude, stateCode, stateCodeChar2, stateCodeChar3, stateDescription, stateFlag, stateName, versionId, createdBy, createdDate, updatedBy, updatedDate, activeStatus, txnAccessCode FROM ast_State_M WHERE (stateId = ?)
	bind => [79A24F2C-9100-429B-B2C5-232607169743]
[EL Fine]: sql: 2016-04-13 10:40:51.731--ClientSession(92214208)--Connection(230606299)--Thread(Thread[Test worker,5,main])--DELETE FROM ast_State_M WHERE ((stateId = ?) AND (versionId = ?))
	bind => [79A24F2C-9100-429B-B2C5-232607169743, 1]
[EL Fine]: sql: 2016-04-13 10:40:51.734--ClientSession(734615540)--Connection(230606299)--Thread(Thread[Test worker,5,main])--SELECT countryId, capital, capitalLatitude, capitalLongitude, countryCode1, countryCode2, countryFlag, countryName, currencyCode, currencyName, currencySymbol, isoNumeric, versionId, createdBy, createdDate, updatedBy, updatedDate, activeStatus, txnAccessCode FROM ast_Country_M WHERE (countryId = ?)
	bind => [F96BF9E1-5E83-4242-8051-962970BD3E8B]
[EL Fine]: sql: 2016-04-13 10:40:51.735--ClientSession(734615540)--Connection(230606299)--Thread(Thread[Test worker,5,main])--DELETE FROM ast_Country_M WHERE ((countryId = ?) AND (versionId = ?))
	bind => [F96BF9E1-5E83-4242-8051-962970BD3E8B, 1]
[EL Fine]: sql: 2016-04-13 10:40:51.739--ClientSession(1602742105)--Connection(230606299)--Thread(Thread[Test worker,5,main])--SELECT commType, commGroupId, commTypeDescription, commTypeName, versionId, createdBy, createdDate, updatedBy, updatedDate, activeStatus, txnAccessCode FROM ast_CommunicationType_M WHERE (commType = ?)
	bind => [36536291-79D9-4B1E-9ED2-2079DE4A3964]
[EL Fine]: sql: 2016-04-13 10:40:51.739--ClientSession(1602742105)--Connection(230606299)--Thread(Thread[Test worker,5,main])--DELETE FROM ast_CommunicationType_M WHERE ((commType = ?) AND (versionId = ?))
	bind => [36536291-79D9-4B1E-9ED2-2079DE4A3964, 1]
[EL Fine]: sql: 2016-04-13 10:40:51.743--ClientSession(2035751078)--Connection(230606299)--Thread(Thread[Test worker,5,main])--SELECT commGroupId, commGroupDescription, commGroupName, versionId, createdBy, createdDate, updatedBy, updatedDate, activeStatus, txnAccessCode FROM ast_CommunicationGroup_M WHERE (commGroupId = ?)
	bind => [0AEF67E6-F090-4F18-9575-906181BFBC5C]
[EL Fine]: sql: 2016-04-13 10:40:51.743--ClientSession(2035751078)--Connection(230606299)--Thread(Thread[Test worker,5,main])--DELETE FROM ast_CommunicationGroup_M WHERE ((commGroupId = ?) AND (versionId = ?))
	bind => [0AEF67E6-F090-4F18-9575-906181BFBC5C, 1]
[EL Fine]: sql: 2016-04-13 10:40:51.747--ClientSession(1428551071)--Connection(230606299)--Thread(Thread[Test worker,5,main])--SELECT timeZoneId, cities, country, gmtLabel, timeZoneLabel, utcdifference, versionId, createdBy, createdDate, updatedBy, updatedDate, activeStatus, txnAccessCode FROM ast_Timezone_M WHERE (timeZoneId = ?)
	bind => [CFD05976-11E2-4348-A23B-CACB0B5B5D32]
[EL Fine]: sql: 2016-04-13 10:40:51.748--ClientSession(1428551071)--Connection(230606299)--Thread(Thread[Test worker,5,main])--DELETE FROM ast_Timezone_M WHERE ((timeZoneId = ?) AND (versionId = ?))
	bind => [CFD05976-11E2-4348-A23B-CACB0B5B5D32, 1]
[EL Fine]: sql: 2016-04-13 10:40:51.75--ClientSession(1135726199)--Connection(230606299)--Thread(Thread[Test worker,5,main])--SELECT genderId, gender, versionId, createdBy, createdDate, updatedBy, updatedDate, activeStatus, txnAccessCode FROM ast_Gender_M WHERE (genderId = ?)
	bind => [DFB5DBB2-4B68-4374-A238-C515B7E29A7E]
[EL Fine]: sql: 2016-04-13 10:40:51.751--ClientSession(1135726199)--Connection(230606299)--Thread(Thread[Test worker,5,main])--DELETE FROM ast_Gender_M WHERE ((genderId = ?) AND (versionId = ?))
	bind => [DFB5DBB2-4B68-4374-A238-C515B7E29A7E, 1]
[EL Fine]: sql: 2016-04-13 10:40:51.754--ClientSession(1666794228)--Connection(230606299)--Thread(Thread[Test worker,5,main])--SELECT titleId, titles, versionId, createdBy, createdDate, updatedBy, updatedDate, activeStatus, txnAccessCode FROM ast_Title_M WHERE (titleId = ?)
	bind => [9AA03357-A3E3-4A32-B0CF-2FF91AE9BB7C]
[EL Fine]: sql: 2016-04-13 10:40:51.755--ClientSession(1666794228)--Connection(230606299)--Thread(Thread[Test worker,5,main])--DELETE FROM ast_Title_M WHERE ((titleId = ?) AND (versionId = ?))
	bind => [9AA03357-A3E3-4A32-B0CF-2FF91AE9BB7C, 1]
[EL Fine]: sql: 2016-04-13 10:40:51.758--ClientSession(399660617)--Connection(230606299)--Thread(Thread[Test worker,5,main])--SELECT languageId, alpha2, alpha3, alpha4, alpha4parentid, language, languageDescription, languageIcon, languageType, versionId, createdBy, createdDate, updatedBy, updatedDate, activeStatus, txnAccessCode FROM ast_Language_M WHERE (languageId = ?)
	bind => [F7057C56-9FAB-48C9-B5EC-C944C0752EBC]
[EL Fine]: sql: 2016-04-13 10:40:51.759--ClientSession(399660617)--Connection(230606299)--Thread(Thread[Test worker,5,main])--DELETE FROM ast_Language_M WHERE ((languageId = ?) AND (versionId = ?))
	bind => [F7057C56-9FAB-48C9-B5EC-C944C0752EBC, 1]
[EL Fine]: sql: 2016-04-13 10:40:51.762--ClientSession(1955024108)--Connection(230606299)--Thread(Thread[Test worker,5,main])--SELECT questionId, levelid, question, questionDetails, questionIcon, versionId, createdBy, createdDate, updatedBy, updatedDate, activeStatus, txnAccessCode FROM ast_Question_M WHERE (questionId = ?)
	bind => [AF1B5617-2C5D-405C-8CD6-4B73BC53AA73]
[EL Fine]: sql: 2016-04-13 10:40:51.763--ClientSession(1955024108)--Connection(230606299)--Thread(Thread[Test worker,5,main])--DELETE FROM ast_Question_M WHERE ((questionId = ?) AND (versionId = ?))
	bind => [AF1B5617-2C5D-405C-8CD6-4B73BC53AA73, 1]
[EL Fine]: sql: 2016-04-13 10:40:51.766--ClientSession(2063215038)--Connection(230606299)--Thread(Thread[Test worker,5,main])--SELECT userAccessLevelId, levelDescription, levelHelp, levelIcon, levelName, userAccessLevel, versionId, createdBy, createdDate, updatedBy, updatedDate, activeStatus, txnAccessCode FROM ast_UserAccessLevel_M WHERE (userAccessLevelId = ?)
	bind => [78EDAA7C-CDCE-4819-B512-61EC630FD16B]
[EL Fine]: sql: 2016-04-13 10:40:51.766--ClientSession(2063215038)--Connection(230606299)--Thread(Thread[Test worker,5,main])--DELETE FROM ast_UserAccessLevel_M WHERE ((userAccessLevelId = ?) AND (versionId = ?))
	bind => [78EDAA7C-CDCE-4819-B512-61EC630FD16B, 1]
[EL Fine]: sql: 2016-04-13 10:40:51.769--ClientSession(818877029)--Connection(230606299)--Thread(Thread[Test worker,5,main])--SELECT userAccessDomainId, domainDescription, domainHelp, domainIcon, domainName, userAccessDomain, versionId, createdBy, createdDate, updatedBy, updatedDate, activeStatus, txnAccessCode FROM ast_UserAccessDomain_M WHERE (userAccessDomainId = ?)
	bind => [6324EA61-1C8B-4FF2-811C-6AEE20909141]
[EL Fine]: sql: 2016-04-13 10:40:51.77--ClientSession(818877029)--Connection(230606299)--Thread(Thread[Test worker,5,main])--DELETE FROM ast_UserAccessDomain_M WHERE ((userAccessDomainId = ?) AND (versionId = ?))
	bind => [6324EA61-1C8B-4FF2-811C-6AEE20909141, 1]
[EL Fine]: sql: 2016-04-13 10:40:51.778--ClientSession(1107800279)--Connection(230606299)--Thread(Thread[Test worker,5,main])--SELECT t0.loginPk, t0.failedLoginAttempts, t0.loginId, t0.serverAuthImage, t0.serverAuthText, t0.versionId, t0.createdBy, t0.createdDate, t0.updatedBy, t0.updatedDate, t0.activeStatus, t0.txnAccessCode, t0.contactId, t0.userId FROM ast_Login_T t0, ast_User_T t1 WHERE (((t0.activeStatus = ?) AND t1.userId IN (SELECT t2.userId FROM ast_UserRoleBridge_T t2)) AND (t1.userId = t0.userId))
	bind => [1]
[EL Fine]: sql: 2016-04-13 10:40:51.779--ClientSession(1107800279)--Connection(230606299)--Thread(Thread[Test worker,5,main])--SELECT contactId, age, approximateDOB, dateofbirth, emailId, firstName, genderId, lastName, middleName, nativeFirstName, nativeLanguageCode, nativeLastName, nativeMiddleName, nativeTitle, phoneNumber, titleId, versionId, createdBy, createdDate, updatedBy, updatedDate, activeStatus, txnAccessCode, timeZoneId FROM ast_CoreContacts_T WHERE (contactId = ?)
	bind => [A06E9BF3-74EB-4D67-9CB1-998AE709C645]
[EL Fine]: sql: 2016-04-13 10:40:51.779--ClientSession(1107800279)--Connection(230606299)--Thread(Thread[Test worker,5,main])--SELECT timeZoneId, cities, country, gmtLabel, timeZoneLabel, utcdifference, versionId, createdBy, createdDate, updatedBy, updatedDate, activeStatus, txnAccessCode FROM ast_Timezone_M WHERE (timeZoneId = ?)
	bind => [B87E5A41-C0D2-4114-9FDD-9B5BD10FC9C4]
[EL Fine]: sql: 2016-04-13 10:40:51.78--ClientSession(1107800279)--Connection(230606299)--Thread(Thread[Test worker,5,main])--SELECT userId, allowMultipleLogin, changePasswordNextLogin, genTempOneTimePassword, isDeleted, isLocked, lastPasswordChangeDate, multiFactorAuthEnabled, passwordAlgo, passwordExpiryDate, sessionTimeout, userAccessCode, userAccessDomainId, userAccessLevelId, versionId, createdBy, createdDate, updatedBy, updatedDate, activeStatus, txnAccessCode FROM ast_User_T WHERE (userId = ?)
	bind => [18D01ABF-F632-496A-B379-FC50EDEAB8C0]
[EL Fine]: sql: 2016-04-13 10:40:51.781--ClientSession(1107800279)--Connection(230606299)--Thread(Thread[Test worker,5,main])--SELECT userDataId, last5Passwords, oneTimePassword, oneTimePasswordExpiry, oneTimePasswordGenDate, password, versionId, createdBy, createdDate, updatedBy, updatedDate, activeStatus, txnAccessCode, userId FROM ast_UserData_TP WHERE (userId = ?)
	bind => [18D01ABF-F632-496A-B379-FC50EDEAB8C0]
[EL Fine]: sql: 2016-04-13 10:40:51.786--ClientSession(2079813331)--Connection(230606299)--Thread(Thread[Test worker,5,main])--SELECT t0.loginPk, t0.failedLoginAttempts, t0.loginId, t0.serverAuthImage, t0.serverAuthText, t0.versionId, t0.createdBy, t0.createdDate, t0.updatedBy, t0.updatedDate, t0.activeStatus, t0.txnAccessCode, t0.contactId, t0.userId FROM ast_Login_T t0, ast_User_T t1 WHERE (((t0.activeStatus = ?) AND t1.userId NOT IN (SELECT t2.userId FROM ast_UserRoleBridge_T t2)) AND (t1.userId = t0.userId))
	bind => [1]
]]></system-out>
  <system-err><![CDATA[com.app.shared.aaaboundedcontext.authentication.Login.loginId may not be null
com.athena.framework.server.exception.biz.SpartanConstraintViolationException: Exception in validating entity /com.app.shared.aaaboundedcontext.authentication.Login.loginId may not be null

	at com.athena.framework.server.helper.EntityValidatorHelper.validateEntity(EntityValidatorHelper.java:28)
	at com.app.shared.aaaboundedcontext.authentication.Login.isValid(Login.java:225)
	at com.app.server.service.aaaboundedcontext.authentication.LoginTestCase.validateLogin(LoginTestCase.java:541)
	at com.app.server.service.aaaboundedcontext.authentication.LoginTestCase.test5NegativeTesting(LoginTestCase.java:576)
	at sun.reflect.NativeMethodAccessorImpl.invoke0(Native Method)
	at sun.reflect.NativeMethodAccessorImpl.invoke(NativeMethodAccessorImpl.java:57)
	at sun.reflect.DelegatingMethodAccessorImpl.invoke(DelegatingMethodAccessorImpl.java:43)
	at java.lang.reflect.Method.invoke(Method.java:606)
	at org.junit.runners.model.FrameworkMethod$1.runReflectiveCall(FrameworkMethod.java:47)
	at org.junit.internal.runners.model.ReflectiveCallable.run(ReflectiveCallable.java:12)
	at org.junit.runners.model.FrameworkMethod.invokeExplosively(FrameworkMethod.java:44)
	at org.junit.internal.runners.statements.InvokeMethod.evaluate(InvokeMethod.java:17)
	at org.junit.internal.runners.statements.RunBefores.evaluate(RunBefores.java:26)
	at org.springframework.test.context.junit4.statements.RunBeforeTestMethodCallbacks.evaluate(RunBeforeTestMethodCallbacks.java:74)
	at org.junit.internal.runners.statements.RunAfters.evaluate(RunAfters.java:27)
	at org.springframework.test.context.junit4.statements.RunAfterTestMethodCallbacks.evaluate(RunAfterTestMethodCallbacks.java:83)
	at org.springframework.test.context.junit4.statements.SpringRepeat.evaluate(SpringRepeat.java:72)
	at org.springframework.test.context.junit4.SpringJUnit4ClassRunner.runChild(SpringJUnit4ClassRunner.java:233)
	at org.springframework.test.context.junit4.SpringJUnit4ClassRunner.runChild(SpringJUnit4ClassRunner.java:87)
	at org.junit.runners.ParentRunner$3.run(ParentRunner.java:238)
	at org.junit.runners.ParentRunner$1.schedule(ParentRunner.java:63)
	at org.junit.runners.ParentRunner.runChildren(ParentRunner.java:236)
	at org.junit.runners.ParentRunner.access$000(ParentRunner.java:53)
	at org.junit.runners.ParentRunner$2.evaluate(ParentRunner.java:229)
	at org.springframework.test.context.junit4.statements.RunBeforeTestClassCallbacks.evaluate(RunBeforeTestClassCallbacks.java:61)
	at org.springframework.test.context.junit4.statements.RunAfterTestClassCallbacks.evaluate(RunAfterTestClassCallbacks.java:71)
	at org.junit.runners.ParentRunner.run(ParentRunner.java:309)
	at org.springframework.test.context.junit4.SpringJUnit4ClassRunner.run(SpringJUnit4ClassRunner.java:176)
	at org.gradle.api.internal.tasks.testing.junit.JUnitTestClassExecuter.runTestClass(JUnitTestClassExecuter.java:86)
	at org.gradle.api.internal.tasks.testing.junit.JUnitTestClassExecuter.execute(JUnitTestClassExecuter.java:49)
	at org.gradle.api.internal.tasks.testing.junit.JUnitTestClassProcessor.processTestClass(JUnitTestClassProcessor.java:64)
	at org.gradle.api.internal.tasks.testing.SuiteTestClassProcessor.processTestClass(SuiteTestClassProcessor.java:50)
	at sun.reflect.GeneratedMethodAccessor106.invoke(Unknown Source)
	at sun.reflect.DelegatingMethodAccessorImpl.invoke(DelegatingMethodAccessorImpl.java:43)
	at java.lang.reflect.Method.invoke(Method.java:606)
	at org.gradle.messaging.dispatch.ReflectionDispatch.dispatch(ReflectionDispatch.java:35)
	at org.gradle.messaging.dispatch.ReflectionDispatch.dispatch(ReflectionDispatch.java:24)
	at org.gradle.messaging.dispatch.ContextClassLoaderDispatch.dispatch(ContextClassLoaderDispatch.java:32)
	at org.gradle.messaging.dispatch.ProxyDispatchAdapter$DispatchingInvocationHandler.invoke(ProxyDispatchAdapter.java:93)
	at com.sun.proxy.$Proxy2.processTestClass(Unknown Source)
	at org.gradle.api.internal.tasks.testing.worker.TestWorker.processTestClass(TestWorker.java:106)
	at sun.reflect.GeneratedMethodAccessor105.invoke(Unknown Source)
	at sun.reflect.DelegatingMethodAccessorImpl.invoke(DelegatingMethodAccessorImpl.java:43)
	at java.lang.reflect.Method.invoke(Method.java:606)
	at org.gradle.messaging.dispatch.ReflectionDispatch.dispatch(ReflectionDispatch.java:35)
	at org.gradle.messaging.dispatch.ReflectionDispatch.dispatch(ReflectionDispatch.java:24)
	at org.gradle.messaging.remote.internal.hub.MessageHub$Handler.run(MessageHub.java:360)
	at org.gradle.internal.concurrent.DefaultExecutorFactory$StoppableExecutorImpl$1.run(DefaultExecutorFactory.java:64)
	at java.util.concurrent.ThreadPoolExecutor.runWorker(ThreadPoolExecutor.java:1145)
	at java.util.concurrent.ThreadPoolExecutor$Worker.run(ThreadPoolExecutor.java:615)
	at java.lang.Thread.run(Thread.java:745)
com.app.shared.aaaboundedcontext.authentication.Login.loginId size must be between 0 and 200
com.athena.framework.server.exception.biz.SpartanConstraintViolationException: Exception in validating entity /com.app.shared.aaaboundedcontext.authentication.Login.loginId size must be between 0 and 200

	at com.athena.framework.server.helper.EntityValidatorHelper.validateEntity(EntityValidatorHelper.java:28)
	at com.app.shared.aaaboundedcontext.authentication.Login.isValid(Login.java:225)
	at com.app.server.service.aaaboundedcontext.authentication.LoginTestCase.validateLogin(LoginTestCase.java:539)
	at com.app.server.service.aaaboundedcontext.authentication.LoginTestCase.test5NegativeTesting(LoginTestCase.java:581)
	at sun.reflect.NativeMethodAccessorImpl.invoke0(Native Method)
	at sun.reflect.NativeMethodAccessorImpl.invoke(NativeMethodAccessorImpl.java:57)
	at sun.reflect.DelegatingMethodAccessorImpl.invoke(DelegatingMethodAccessorImpl.java:43)
	at java.lang.reflect.Method.invoke(Method.java:606)
	at org.junit.runners.model.FrameworkMethod$1.runReflectiveCall(FrameworkMethod.java:47)
	at org.junit.internal.runners.model.ReflectiveCallable.run(ReflectiveCallable.java:12)
	at org.junit.runners.model.FrameworkMethod.invokeExplosively(FrameworkMethod.java:44)
	at org.junit.internal.runners.statements.InvokeMethod.evaluate(InvokeMethod.java:17)
	at org.junit.internal.runners.statements.RunBefores.evaluate(RunBefores.java:26)
	at org.springframework.test.context.junit4.statements.RunBeforeTestMethodCallbacks.evaluate(RunBeforeTestMethodCallbacks.java:74)
	at org.junit.internal.runners.statements.RunAfters.evaluate(RunAfters.java:27)
	at org.springframework.test.context.junit4.statements.RunAfterTestMethodCallbacks.evaluate(RunAfterTestMethodCallbacks.java:83)
	at org.springframework.test.context.junit4.statements.SpringRepeat.evaluate(SpringRepeat.java:72)
	at org.springframework.test.context.junit4.SpringJUnit4ClassRunner.runChild(SpringJUnit4ClassRunner.java:233)
	at org.springframework.test.context.junit4.SpringJUnit4ClassRunner.runChild(SpringJUnit4ClassRunner.java:87)
	at org.junit.runners.ParentRunner$3.run(ParentRunner.java:238)
	at org.junit.runners.ParentRunner$1.schedule(ParentRunner.java:63)
	at org.junit.runners.ParentRunner.runChildren(ParentRunner.java:236)
	at org.junit.runners.ParentRunner.access$000(ParentRunner.java:53)
	at org.junit.runners.ParentRunner$2.evaluate(ParentRunner.java:229)
	at org.springframework.test.context.junit4.statements.RunBeforeTestClassCallbacks.evaluate(RunBeforeTestClassCallbacks.java:61)
	at org.springframework.test.context.junit4.statements.RunAfterTestClassCallbacks.evaluate(RunAfterTestClassCallbacks.java:71)
	at org.junit.runners.ParentRunner.run(ParentRunner.java:309)
	at org.springframework.test.context.junit4.SpringJUnit4ClassRunner.run(SpringJUnit4ClassRunner.java:176)
	at org.gradle.api.internal.tasks.testing.junit.JUnitTestClassExecuter.runTestClass(JUnitTestClassExecuter.java:86)
	at org.gradle.api.internal.tasks.testing.junit.JUnitTestClassExecuter.execute(JUnitTestClassExecuter.java:49)
	at org.gradle.api.internal.tasks.testing.junit.JUnitTestClassProcessor.processTestClass(JUnitTestClassProcessor.java:64)
	at org.gradle.api.internal.tasks.testing.SuiteTestClassProcessor.processTestClass(SuiteTestClassProcessor.java:50)
	at sun.reflect.GeneratedMethodAccessor106.invoke(Unknown Source)
	at sun.reflect.DelegatingMethodAccessorImpl.invoke(DelegatingMethodAccessorImpl.java:43)
	at java.lang.reflect.Method.invoke(Method.java:606)
	at org.gradle.messaging.dispatch.ReflectionDispatch.dispatch(ReflectionDispatch.java:35)
	at org.gradle.messaging.dispatch.ReflectionDispatch.dispatch(ReflectionDispatch.java:24)
	at org.gradle.messaging.dispatch.ContextClassLoaderDispatch.dispatch(ContextClassLoaderDispatch.java:32)
	at org.gradle.messaging.dispatch.ProxyDispatchAdapter$DispatchingInvocationHandler.invoke(ProxyDispatchAdapter.java:93)
	at com.sun.proxy.$Proxy2.processTestClass(Unknown Source)
	at org.gradle.api.internal.tasks.testing.worker.TestWorker.processTestClass(TestWorker.java:106)
	at sun.reflect.GeneratedMethodAccessor105.invoke(Unknown Source)
	at sun.reflect.DelegatingMethodAccessorImpl.invoke(DelegatingMethodAccessorImpl.java:43)
	at java.lang.reflect.Method.invoke(Method.java:606)
	at org.gradle.messaging.dispatch.ReflectionDispatch.dispatch(ReflectionDispatch.java:35)
	at org.gradle.messaging.dispatch.ReflectionDispatch.dispatch(ReflectionDispatch.java:24)
	at org.gradle.messaging.remote.internal.hub.MessageHub$Handler.run(MessageHub.java:360)
	at org.gradle.internal.concurrent.DefaultExecutorFactory$StoppableExecutorImpl$1.run(DefaultExecutorFactory.java:64)
	at java.util.concurrent.ThreadPoolExecutor.runWorker(ThreadPoolExecutor.java:1145)
	at java.util.concurrent.ThreadPoolExecutor$Worker.run(ThreadPoolExecutor.java:615)
	at java.lang.Thread.run(Thread.java:745)
com.app.shared.aaaboundedcontext.authentication.Login.serverAuthImage size must be between 0 and 32
com.athena.framework.server.exception.biz.SpartanConstraintViolationException: Exception in validating entity /com.app.shared.aaaboundedcontext.authentication.Login.serverAuthImage size must be between 0 and 32

	at com.athena.framework.server.helper.EntityValidatorHelper.validateEntity(EntityValidatorHelper.java:28)
	at com.app.shared.aaaboundedcontext.authentication.Login.isValid(Login.java:225)
	at com.app.server.service.aaaboundedcontext.authentication.LoginTestCase.validateLogin(LoginTestCase.java:539)
	at com.app.server.service.aaaboundedcontext.authentication.LoginTestCase.test5NegativeTesting(LoginTestCase.java:586)
	at sun.reflect.NativeMethodAccessorImpl.invoke0(Native Method)
	at sun.reflect.NativeMethodAccessorImpl.invoke(NativeMethodAccessorImpl.java:57)
	at sun.reflect.DelegatingMethodAccessorImpl.invoke(DelegatingMethodAccessorImpl.java:43)
	at java.lang.reflect.Method.invoke(Method.java:606)
	at org.junit.runners.model.FrameworkMethod$1.runReflectiveCall(FrameworkMethod.java:47)
	at org.junit.internal.runners.model.ReflectiveCallable.run(ReflectiveCallable.java:12)
	at org.junit.runners.model.FrameworkMethod.invokeExplosively(FrameworkMethod.java:44)
	at org.junit.internal.runners.statements.InvokeMethod.evaluate(InvokeMethod.java:17)
	at org.junit.internal.runners.statements.RunBefores.evaluate(RunBefores.java:26)
	at org.springframework.test.context.junit4.statements.RunBeforeTestMethodCallbacks.evaluate(RunBeforeTestMethodCallbacks.java:74)
	at org.junit.internal.runners.statements.RunAfters.evaluate(RunAfters.java:27)
	at org.springframework.test.context.junit4.statements.RunAfterTestMethodCallbacks.evaluate(RunAfterTestMethodCallbacks.java:83)
	at org.springframework.test.context.junit4.statements.SpringRepeat.evaluate(SpringRepeat.java:72)
	at org.springframework.test.context.junit4.SpringJUnit4ClassRunner.runChild(SpringJUnit4ClassRunner.java:233)
	at org.springframework.test.context.junit4.SpringJUnit4ClassRunner.runChild(SpringJUnit4ClassRunner.java:87)
	at org.junit.runners.ParentRunner$3.run(ParentRunner.java:238)
	at org.junit.runners.ParentRunner$1.schedule(ParentRunner.java:63)
	at org.junit.runners.ParentRunner.runChildren(ParentRunner.java:236)
	at org.junit.runners.ParentRunner.access$000(ParentRunner.java:53)
	at org.junit.runners.ParentRunner$2.evaluate(ParentRunner.java:229)
	at org.springframework.test.context.junit4.statements.RunBeforeTestClassCallbacks.evaluate(RunBeforeTestClassCallbacks.java:61)
	at org.springframework.test.context.junit4.statements.RunAfterTestClassCallbacks.evaluate(RunAfterTestClassCallbacks.java:71)
	at org.junit.runners.ParentRunner.run(ParentRunner.java:309)
	at org.springframework.test.context.junit4.SpringJUnit4ClassRunner.run(SpringJUnit4ClassRunner.java:176)
	at org.gradle.api.internal.tasks.testing.junit.JUnitTestClassExecuter.runTestClass(JUnitTestClassExecuter.java:86)
	at org.gradle.api.internal.tasks.testing.junit.JUnitTestClassExecuter.execute(JUnitTestClassExecuter.java:49)
	at org.gradle.api.internal.tasks.testing.junit.JUnitTestClassProcessor.processTestClass(JUnitTestClassProcessor.java:64)
	at org.gradle.api.internal.tasks.testing.SuiteTestClassProcessor.processTestClass(SuiteTestClassProcessor.java:50)
	at sun.reflect.GeneratedMethodAccessor106.invoke(Unknown Source)
	at sun.reflect.DelegatingMethodAccessorImpl.invoke(DelegatingMethodAccessorImpl.java:43)
	at java.lang.reflect.Method.invoke(Method.java:606)
	at org.gradle.messaging.dispatch.ReflectionDispatch.dispatch(ReflectionDispatch.java:35)
	at org.gradle.messaging.dispatch.ReflectionDispatch.dispatch(ReflectionDispatch.java:24)
	at org.gradle.messaging.dispatch.ContextClassLoaderDispatch.dispatch(ContextClassLoaderDispatch.java:32)
	at org.gradle.messaging.dispatch.ProxyDispatchAdapter$DispatchingInvocationHandler.invoke(ProxyDispatchAdapter.java:93)
	at com.sun.proxy.$Proxy2.processTestClass(Unknown Source)
	at org.gradle.api.internal.tasks.testing.worker.TestWorker.processTestClass(TestWorker.java:106)
	at sun.reflect.GeneratedMethodAccessor105.invoke(Unknown Source)
	at sun.reflect.DelegatingMethodAccessorImpl.invoke(DelegatingMethodAccessorImpl.java:43)
	at java.lang.reflect.Method.invoke(Method.java:606)
	at org.gradle.messaging.dispatch.ReflectionDispatch.dispatch(ReflectionDispatch.java:35)
	at org.gradle.messaging.dispatch.ReflectionDispatch.dispatch(ReflectionDispatch.java:24)
	at org.gradle.messaging.remote.internal.hub.MessageHub$Handler.run(MessageHub.java:360)
	at org.gradle.internal.concurrent.DefaultExecutorFactory$StoppableExecutorImpl$1.run(DefaultExecutorFactory.java:64)
	at java.util.concurrent.ThreadPoolExecutor.runWorker(ThreadPoolExecutor.java:1145)
	at java.util.concurrent.ThreadPoolExecutor$Worker.run(ThreadPoolExecutor.java:615)
	at java.lang.Thread.run(Thread.java:745)
com.app.shared.aaaboundedcontext.authentication.Login.serverAuthText size must be between 0 and 16
com.athena.framework.server.exception.biz.SpartanConstraintViolationException: Exception in validating entity /com.app.shared.aaaboundedcontext.authentication.Login.serverAuthText size must be between 0 and 16

	at com.athena.framework.server.helper.EntityValidatorHelper.validateEntity(EntityValidatorHelper.java:28)
	at com.app.shared.aaaboundedcontext.authentication.Login.isValid(Login.java:225)
	at com.app.server.service.aaaboundedcontext.authentication.LoginTestCase.validateLogin(LoginTestCase.java:539)
	at com.app.server.service.aaaboundedcontext.authentication.LoginTestCase.test5NegativeTesting(LoginTestCase.java:591)
	at sun.reflect.NativeMethodAccessorImpl.invoke0(Native Method)
	at sun.reflect.NativeMethodAccessorImpl.invoke(NativeMethodAccessorImpl.java:57)
	at sun.reflect.DelegatingMethodAccessorImpl.invoke(DelegatingMethodAccessorImpl.java:43)
	at java.lang.reflect.Method.invoke(Method.java:606)
	at org.junit.runners.model.FrameworkMethod$1.runReflectiveCall(FrameworkMethod.java:47)
	at org.junit.internal.runners.model.ReflectiveCallable.run(ReflectiveCallable.java:12)
	at org.junit.runners.model.FrameworkMethod.invokeExplosively(FrameworkMethod.java:44)
	at org.junit.internal.runners.statements.InvokeMethod.evaluate(InvokeMethod.java:17)
	at org.junit.internal.runners.statements.RunBefores.evaluate(RunBefores.java:26)
	at org.springframework.test.context.junit4.statements.RunBeforeTestMethodCallbacks.evaluate(RunBeforeTestMethodCallbacks.java:74)
	at org.junit.internal.runners.statements.RunAfters.evaluate(RunAfters.java:27)
	at org.springframework.test.context.junit4.statements.RunAfterTestMethodCallbacks.evaluate(RunAfterTestMethodCallbacks.java:83)
	at org.springframework.test.context.junit4.statements.SpringRepeat.evaluate(SpringRepeat.java:72)
	at org.springframework.test.context.junit4.SpringJUnit4ClassRunner.runChild(SpringJUnit4ClassRunner.java:233)
	at org.springframework.test.context.junit4.SpringJUnit4ClassRunner.runChild(SpringJUnit4ClassRunner.java:87)
	at org.junit.runners.ParentRunner$3.run(ParentRunner.java:238)
	at org.junit.runners.ParentRunner$1.schedule(ParentRunner.java:63)
	at org.junit.runners.ParentRunner.runChildren(ParentRunner.java:236)
	at org.junit.runners.ParentRunner.access$000(ParentRunner.java:53)
	at org.junit.runners.ParentRunner$2.evaluate(ParentRunner.java:229)
	at org.springframework.test.context.junit4.statements.RunBeforeTestClassCallbacks.evaluate(RunBeforeTestClassCallbacks.java:61)
	at org.springframework.test.context.junit4.statements.RunAfterTestClassCallbacks.evaluate(RunAfterTestClassCallbacks.java:71)
	at org.junit.runners.ParentRunner.run(ParentRunner.java:309)
	at org.springframework.test.context.junit4.SpringJUnit4ClassRunner.run(SpringJUnit4ClassRunner.java:176)
	at org.gradle.api.internal.tasks.testing.junit.JUnitTestClassExecuter.runTestClass(JUnitTestClassExecuter.java:86)
	at org.gradle.api.internal.tasks.testing.junit.JUnitTestClassExecuter.execute(JUnitTestClassExecuter.java:49)
	at org.gradle.api.internal.tasks.testing.junit.JUnitTestClassProcessor.processTestClass(JUnitTestClassProcessor.java:64)
	at org.gradle.api.internal.tasks.testing.SuiteTestClassProcessor.processTestClass(SuiteTestClassProcessor.java:50)
	at sun.reflect.GeneratedMethodAccessor106.invoke(Unknown Source)
	at sun.reflect.DelegatingMethodAccessorImpl.invoke(DelegatingMethodAccessorImpl.java:43)
	at java.lang.reflect.Method.invoke(Method.java:606)
	at org.gradle.messaging.dispatch.ReflectionDispatch.dispatch(ReflectionDispatch.java:35)
	at org.gradle.messaging.dispatch.ReflectionDispatch.dispatch(ReflectionDispatch.java:24)
	at org.gradle.messaging.dispatch.ContextClassLoaderDispatch.dispatch(ContextClassLoaderDispatch.java:32)
	at org.gradle.messaging.dispatch.ProxyDispatchAdapter$DispatchingInvocationHandler.invoke(ProxyDispatchAdapter.java:93)
	at com.sun.proxy.$Proxy2.processTestClass(Unknown Source)
	at org.gradle.api.internal.tasks.testing.worker.TestWorker.processTestClass(TestWorker.java:106)
	at sun.reflect.GeneratedMethodAccessor105.invoke(Unknown Source)
	at sun.reflect.DelegatingMethodAccessorImpl.invoke(DelegatingMethodAccessorImpl.java:43)
	at java.lang.reflect.Method.invoke(Method.java:606)
	at org.gradle.messaging.dispatch.ReflectionDispatch.dispatch(ReflectionDispatch.java:35)
	at org.gradle.messaging.dispatch.ReflectionDispatch.dispatch(ReflectionDispatch.java:24)
	at org.gradle.messaging.remote.internal.hub.MessageHub$Handler.run(MessageHub.java:360)
	at org.gradle.internal.concurrent.DefaultExecutorFactory$StoppableExecutorImpl$1.run(DefaultExecutorFactory.java:64)
	at java.util.concurrent.ThreadPoolExecutor.runWorker(ThreadPoolExecutor.java:1145)
	at java.util.concurrent.ThreadPoolExecutor$Worker.run(ThreadPoolExecutor.java:615)
	at java.lang.Thread.run(Thread.java:745)
com.app.shared.aaaboundedcontext.authentication.Login.failedLoginAttempts must be less than or equal to 11
com.athena.framework.server.exception.biz.SpartanConstraintViolationException: Exception in validating entity /com.app.shared.aaaboundedcontext.authentication.Login.failedLoginAttempts must be less than or equal to 11

	at com.athena.framework.server.helper.EntityValidatorHelper.validateEntity(EntityValidatorHelper.java:28)
	at com.app.shared.aaaboundedcontext.authentication.Login.isValid(Login.java:225)
	at com.app.server.service.aaaboundedcontext.authentication.LoginTestCase.validateLogin(LoginTestCase.java:539)
	at com.app.server.service.aaaboundedcontext.authentication.LoginTestCase.test5NegativeTesting(LoginTestCase.java:596)
	at sun.reflect.NativeMethodAccessorImpl.invoke0(Native Method)
	at sun.reflect.NativeMethodAccessorImpl.invoke(NativeMethodAccessorImpl.java:57)
	at sun.reflect.DelegatingMethodAccessorImpl.invoke(DelegatingMethodAccessorImpl.java:43)
	at java.lang.reflect.Method.invoke(Method.java:606)
	at org.junit.runners.model.FrameworkMethod$1.runReflectiveCall(FrameworkMethod.java:47)
	at org.junit.internal.runners.model.ReflectiveCallable.run(ReflectiveCallable.java:12)
	at org.junit.runners.model.FrameworkMethod.invokeExplosively(FrameworkMethod.java:44)
	at org.junit.internal.runners.statements.InvokeMethod.evaluate(InvokeMethod.java:17)
	at org.junit.internal.runners.statements.RunBefores.evaluate(RunBefores.java:26)
	at org.springframework.test.context.junit4.statements.RunBeforeTestMethodCallbacks.evaluate(RunBeforeTestMethodCallbacks.java:74)
	at org.junit.internal.runners.statements.RunAfters.evaluate(RunAfters.java:27)
	at org.springframework.test.context.junit4.statements.RunAfterTestMethodCallbacks.evaluate(RunAfterTestMethodCallbacks.java:83)
	at org.springframework.test.context.junit4.statements.SpringRepeat.evaluate(SpringRepeat.java:72)
	at org.springframework.test.context.junit4.SpringJUnit4ClassRunner.runChild(SpringJUnit4ClassRunner.java:233)
	at org.springframework.test.context.junit4.SpringJUnit4ClassRunner.runChild(SpringJUnit4ClassRunner.java:87)
	at org.junit.runners.ParentRunner$3.run(ParentRunner.java:238)
	at org.junit.runners.ParentRunner$1.schedule(ParentRunner.java:63)
	at org.junit.runners.ParentRunner.runChildren(ParentRunner.java:236)
	at org.junit.runners.ParentRunner.access$000(ParentRunner.java:53)
	at org.junit.runners.ParentRunner$2.evaluate(ParentRunner.java:229)
	at org.springframework.test.context.junit4.statements.RunBeforeTestClassCallbacks.evaluate(RunBeforeTestClassCallbacks.java:61)
	at org.springframework.test.context.junit4.statements.RunAfterTestClassCallbacks.evaluate(RunAfterTestClassCallbacks.java:71)
	at org.junit.runners.ParentRunner.run(ParentRunner.java:309)
	at org.springframework.test.context.junit4.SpringJUnit4ClassRunner.run(SpringJUnit4ClassRunner.java:176)
	at org.gradle.api.internal.tasks.testing.junit.JUnitTestClassExecuter.runTestClass(JUnitTestClassExecuter.java:86)
	at org.gradle.api.internal.tasks.testing.junit.JUnitTestClassExecuter.execute(JUnitTestClassExecuter.java:49)
	at org.gradle.api.internal.tasks.testing.junit.JUnitTestClassProcessor.processTestClass(JUnitTestClassProcessor.java:64)
	at org.gradle.api.internal.tasks.testing.SuiteTestClassProcessor.processTestClass(SuiteTestClassProcessor.java:50)
	at sun.reflect.GeneratedMethodAccessor106.invoke(Unknown Source)
	at sun.reflect.DelegatingMethodAccessorImpl.invoke(DelegatingMethodAccessorImpl.java:43)
	at java.lang.reflect.Method.invoke(Method.java:606)
	at org.gradle.messaging.dispatch.ReflectionDispatch.dispatch(ReflectionDispatch.java:35)
	at org.gradle.messaging.dispatch.ReflectionDispatch.dispatch(ReflectionDispatch.java:24)
	at org.gradle.messaging.dispatch.ContextClassLoaderDispatch.dispatch(ContextClassLoaderDispatch.java:32)
	at org.gradle.messaging.dispatch.ProxyDispatchAdapter$DispatchingInvocationHandler.invoke(ProxyDispatchAdapter.java:93)
	at com.sun.proxy.$Proxy2.processTestClass(Unknown Source)
	at org.gradle.api.internal.tasks.testing.worker.TestWorker.processTestClass(TestWorker.java:106)
	at sun.reflect.GeneratedMethodAccessor105.invoke(Unknown Source)
	at sun.reflect.DelegatingMethodAccessorImpl.invoke(DelegatingMethodAccessorImpl.java:43)
	at java.lang.reflect.Method.invoke(Method.java:606)
	at org.gradle.messaging.dispatch.ReflectionDispatch.dispatch(ReflectionDispatch.java:35)
	at org.gradle.messaging.dispatch.ReflectionDispatch.dispatch(ReflectionDispatch.java:24)
	at org.gradle.messaging.remote.internal.hub.MessageHub$Handler.run(MessageHub.java:360)
	at org.gradle.internal.concurrent.DefaultExecutorFactory$StoppableExecutorImpl$1.run(DefaultExecutorFactory.java:64)
	at java.util.concurrent.ThreadPoolExecutor.runWorker(ThreadPoolExecutor.java:1145)
	at java.util.concurrent.ThreadPoolExecutor$Worker.run(ThreadPoolExecutor.java:615)
	at java.lang.Thread.run(Thread.java:745)
]]></system-err>
</testsuite>
